Archive Project report for vexrisc_full
Tue Jan 19 10:55:29 2021
Quartus Prime Version 20.3.0 Build 158 09/24/2020 SC Pro Edition


---------------------
; Table of Contents ;
---------------------
  1. Legal Notice
  2. Archive Project Summary
  3. Archive Project Messages
  4. Files Archived



----------------
; Legal Notice ;
----------------
Copyright (C) 2020  Intel Corporation. All rights reserved.
Your use of Intel Corporation's design tools, logic functions 
and other software and tools, and any partner logic 
functions, and any output files from any of the foregoing 
(including device programming or simulation files), and any 
associated documentation or information are expressly subject 
to the terms and conditions of the Intel Program License 
Subscription Agreement, the Intel Quartus Prime License Agreement,
the Intel FPGA IP License Agreement, or other applicable license
agreement, including, without limitation, that your use is for
the sole purpose of programming logic devices manufactured by
Intel and sold by Intel or its authorized distributors.  Please
refer to the applicable agreement for further details, at
https://fpgasoftware.intel.com/eula.



+----------------------------------------------------------------+
; Archive Project Summary                                        ;
+------------------------+---------------------------------------+
; Archive Project Status ; Successful - Tue Jan 19 10:55:28 2021 ;
; Revision Name          ; vexrisc_full                          ;
; Top-level Entity Name  ; vexrisc_full                          ;
; Family                 ; Agilex                                ;
+------------------------+---------------------------------------+


+--------------------------+
; Archive Project Messages ;
+--------------------------+
Info: File Set 'Source control' contains:
    Info: Project source and settings files
    Info: Automatically detected source files
Info (16677): Loading final database.
Info (16734): Loading "final" snapshot for partition "root_partition".
Info (16678): Successfully loaded final database: elapsed time is 00:00:02.
Info: Archive will store files relative to the closest common parent directory
Info (13213): Using common directory /intel_vexrisc_project_agilex/intel_vexrisc_project/
Info: ----------------------------------------------------------
Info: ----------------------------------------------------------
Info: Generated archive '/intel_vexrisc_project_agilex/intel_vexrisc_project/vexrisc_full_20_3_0_158.qar'
Info: ----------------------------------------------------------
Info: ----------------------------------------------------------
Info: Generated report 'vexrisc_full.archive.rpt'
Info (23030): Evaluation of Tcl script /tools/intelFPGA_pro/20.3/quartus/common/tcl/apps/qpm/qar.tcl was successful
Info: Quartus Prime Shell was successful. 0 errors, 1 warning
    Info: Peak virtual memory: 1194 megabytes
    Info: Processing ended: Tue Jan 19 10:55:29 2021
    Info: Elapsed time: 00:00:08
    Info: System process ID: 9820


+-------------------------------------------------------------------+
; Files Archived                                                    ;
+-------------------------------------------------------------------+
; File Name                                                         ;
+-------------------------------------------------------------------+
; /tools/intelFPGA_pro/20.3/quartus/linux64/assignment_defaults.qdf ;
; da_drc.ini                                                        ;
; tmp-clearbox/vexrisc_full/20215/altera_syncram_7tm1.tdf           ;
; tmp-clearbox/vexrisc_full/20215/altera_syncram_9qj1.tdf           ;
; tmp-clearbox/vexrisc_full/20215/altera_syncram_10n1.tdf           ;
; tmp-clearbox/vexrisc_full/20215/altera_syncram_impl_2pd4.tdf      ;
; tmp-clearbox/vexrisc_full/20215/altera_syncram_impl_8md4.tdf      ;
; tmp-clearbox/vexrisc_full/20215/altera_syncram_impl_aja4.tdf      ;
; tmp-clearbox/vexrisc_full/20215/altera_syncram_impl_kjd4.tdf      ;
; tmp-clearbox/vexrisc_full/20215/altera_syncram_impl_sld4.tdf      ;
; tmp-clearbox/vexrisc_full/20215/altera_syncram_jqm1.tdf           ;
; tmp-clearbox/vexrisc_full/20215/altera_syncram_rsm1.tdf           ;
; vexrisc_full.out.sdc                                              ;
; vexrisc_full.qpf                                                  ;
; vexrisc_full.qsf                                                  ;
; vexriscv.sdc                                                      ;
; VexRiscv.v                                                        ;
+-------------------------------------------------------------------+


